[2024-06-18 11:00:00] info: Authenticating with Shopware -
[2024-06-18 11:00:01] info: Successfully authenticated with Shopware -
[2024-06-18 11:00:01] info: Parsing file: data/Titeldaten/titel.txt
[2024-06-18 11:00:01] info: Parsing file: data/Titeldaten/tit_webgrp.txt
[2024-06-18 11:00:01] info: Parsing file: data/Titeldaten/tit_info.txt
[2024-06-18 11:00:01] info: Parsing file: data/Titeldaten/tit_preis.txt
[2024-06-18 11:00:01] info: Parsing file: data/Lagerbestand/tit_bestand_nobis.csv
[2024-06-18 11:00:01] info: Creating entities from CSV files
[2024-06-18 11:00:01] info: Filtering out products with 'x' in product number
[2024-06-18 11:00:01] info: Setting stocks
[2024-06-18 11:00:01] info: Setting additional prices
[2024-06-18 11:00:02] info: Setting categories
[2024-06-18 11:00:02] info: Syncing categories with Shopware
[2024-06-18 11:00:02] info: Syncing 120 category entities with Shopware -
[2024-06-18 11:00:03] info: Successfully synced 120 category entities with Shopware, status code 200 -
[2024-06-18 11:00:03] info: Parsing images
[2024-06-18 11:00:03] info: Uploading images
[2024-06-18 11:00:03] info: Uploading 1118 images to Shopware -
[2024-06-18 11:00:03] error: Image upload failed, message: Client error: `POST https://dev.nobisdesign.de/api/_action/media/d5a05a1435590ee862771eb54caecb2b/upload` resulted in a `415 Unsupported Media Type` response:
{"errors":[{"code":"0","status":"415","title":"Unsupported Media Type","detail":"All provided media types are unsupporte (truncated...)
, code: 415 -
[2024-06-18 11:00:03] error: Image upload failed, message: Client error: `POST https://dev.nobisdesign.de/api/_action/media/f1ae186f3b313b60c82773b864106dda/upload` resulted in a `415 Unsupported Media Type` response:
{"errors":[{"code":"0","status":"415","title":"Unsupported Media Type","detail":"All provided media types are unsupporte (truncated...)
, code: 415 -
[2024-06-18 11:00:03] error: Image upload failed, message: Client error: `POST https://dev.nobisdesign.de/api/_action/media/ec4b915ed15465405b98dd48ea0fa463/upload` resulted in a `415 Unsupported Media Type` response:
{"errors":[{"code":"0","status":"415","title":"Unsupported Media Type","detail":"All provided media types are unsupporte (truncated...)
, code: 415 -
[2024-06-18 11:00:04] error: Image upload failed, message: Client error: `POST https://dev.nobisdesign.de/api/_action/media/189a399f59e79ab41e2e6561a4a9bec6/upload` resulted in a `415 Unsupported Media Type` response:
{"errors":[{"code":"0","status":"415","title":"Unsupported Media Type","detail":"All provided media types are unsupporte (truncated...)
, code: 415 -
[2024-06-18 11:00:04] error: Image upload failed, message: Client error: `POST https://dev.nobisdesign.de/api/_action/media/539af7aa5da1907a18845505d7d0d134/upload` resulted in a `415 Unsupported Media Type` response:
{"errors":[{"code":"0","status":"415","title":"Unsupported Media Type","detail":"All provided media types are unsupporte (truncated...)
, code: 415 -
[2024-06-18 11:00:04] error: Image upload failed, message: Client error: `POST https://dev.nobisdesign.de/api/_action/media/e07a522232a2e0cb7f33502f858c67c5/upload` resulted in a `415 Unsupported Media Type` response:
{"errors":[{"code":"0","status":"415","title":"Unsupported Media Type","detail":"All provided media types are unsupporte (truncated...)
, code: 415 -
[2024-06-18 11:00:04] error: Image upload failed, message: Client error: `POST https://dev.nobisdesign.de/api/_action/media/60ad7ba09eef9e5002e0f8161b398718/upload` resulted in a `415 Unsupported Media Type` response:
{"errors":[{"code":"0","status":"415","title":"Unsupported Media Type","detail":"All provided media types are unsupporte (truncated...)
, code: 415 -
[2024-06-18 11:00:05] error: Image upload failed, message: Client error: `POST https://dev.nobisdesign.de/api/_action/media/0c622010670066b12591afd1c4ad97b7/upload` resulted in a `415 Unsupported Media Type` response:
{"errors":[{"code":"0","status":"415","title":"Unsupported Media Type","detail":"All provided media types are unsupporte (truncated...)
, code: 415 -
[2024-06-18 11:00:05] error: Image upload failed, message: Client error: `POST https://dev.nobisdesign.de/api/_action/media/85e91da29a9892979807278463500ead/upload` resulted in a `415 Unsupported Media Type` response:
{"errors":[{"code":"0","status":"415","title":"Unsupported Media Type","detail":"All provided media types are unsupporte (truncated...)
, code: 415 -
[2024-06-18 11:00:05] error: Image upload failed, message: Client error: `POST https://dev.nobisdesign.de/api/_action/media/362ab99b1dd5689f72192bd6e40351ff/upload` resulted in a `415 Unsupported Media Type` response:
{"errors":[{"code":"0","status":"415","title":"Unsupported Media Type","detail":"All provided media types are unsupporte (truncated...)
, code: 415 -
[2024-06-18 11:00:05] error: Image upload failed, message: Client error: `POST https://dev.nobisdesign.de/api/_action/media/bb5ef3d3b2e6994941e2317e0c9a545d/upload` resulted in a `415 Unsupported Media Type` response:
{"errors":[{"code":"0","status":"415","title":"Unsupported Media Type","detail":"All provided media types are unsupporte (truncated...)
, code: 415 -
[2024-06-18 11:00:05] error: Image upload failed, message: Client error: `POST https://dev.nobisdesign.de/api/_action/media/faf64b288214ad2886c3be5b31842d56/upload` resulted in a `415 Unsupported Media Type` response:
{"errors":[{"code":"0","status":"415","title":"Unsupported Media Type","detail":"All provided media types are unsupporte (truncated...)
, code: 415 -
[2024-06-18 11:00:06] error: Image upload failed, message: Client error: `POST https://dev.nobisdesign.de/api/_action/media/801c07645e0498c6f4fef5b4a002cd63/upload` resulted in a `415 Unsupported Media Type` response:
{"errors":[{"code":"0","status":"415","title":"Unsupported Media Type","detail":"All provided media types are unsupporte (truncated...)
, code: 415 -
[2024-06-18 11:00:06] error: Image upload failed, message: Client error: `POST https://dev.nobisdesign.de/api/_action/media/d53164fdd73c3c10dcfbdd0144566a86/upload` resulted in a `415 Unsupported Media Type` response:
{"errors":[{"code":"0","status":"415","title":"Unsupported Media Type","detail":"All provided media types are unsupporte (truncated...)
, code: 415 -
[2024-06-18 11:00:06] error: Image upload failed, message: Client error: `POST https://dev.nobisdesign.de/api/_action/media/7ee60bf57163ab82fcf813b4082488c0/upload` resulted in a `415 Unsupported Media Type` response:
{"errors":[{"code":"0","status":"415","title":"Unsupported Media Type","detail":"All provided media types are unsupporte (truncated...)
, code: 415 -
[2024-06-18 11:00:06] error: Image upload failed, message: Client error: `POST https://dev.nobisdesign.de/api/_action/media/9937bef54f2a63bc48faceca5806e138/upload` resulted in a `415 Unsupported Media Type` response:
{"errors":[{"code":"0","status":"415","title":"Unsupported Media Type","detail":"All provided media types are unsupporte (truncated...)
, code: 415 -
[2024-06-18 11:00:06] error: Image upload failed, message: Client error: `POST https://dev.nobisdesign.de/api/_action/media/1f49a757da838c45688b63a26c28f580/upload` resulted in a `415 Unsupported Media Type` response:
{"errors":[{"code":"0","status":"415","title":"Unsupported Media Type","detail":"All provided media types are unsupporte (truncated...)
, code: 415 -
[2024-06-18 11:00:07] error: Image upload failed, message: Client error: `POST https://dev.nobisdesign.de/api/_action/media/2aa6880e3e4314ae57d39ff150ab21c1/upload` resulted in a `415 Unsupported Media Type` response:
{"errors":[{"code":"0","status":"415","title":"Unsupported Media Type","detail":"All provided media types are unsupporte (truncated...)
, code: 415 -
[2024-06-18 11:00:07] error: Image upload failed, message: Client error: `POST https://dev.nobisdesign.de/api/_action/media/7fc3b79f3000876f7631f29863f11aee/upload` resulted in a `415 Unsupported Media Type` response:
{"errors":[{"code":"0","status":"415","title":"Unsupported Media Type","detail":"All provided media types are unsupporte (truncated...)
, code: 415 -
[2024-06-18 11:00:07] error: Image upload failed, message: Client error: `POST https://dev.nobisdesign.de/api/_action/media/75c11f1050110f656e5bf2085e215a23/upload` resulted in a `415 Unsupported Media Type` response:
{"errors":[{"code":"0","status":"415","title":"Unsupported Media Type","detail":"All provided media types are unsupporte (truncated...)
, code: 415 -
[2024-06-18 11:00:07] error: Image upload failed, message: Client error: `POST https://dev.nobisdesign.de/api/_action/media/06144347dc7d4b6cf686997a5ce7e260/upload` resulted in a `415 Unsupported Media Type` response:
{"errors":[{"code":"0","status":"415","title":"Unsupported Media Type","detail":"All provided media types are unsupporte (truncated...)
, code: 415 -
[2024-06-18 11:00:08] error: Image upload failed, message: Client error: `POST https://dev.nobisdesign.de/api/_action/media/2d3b95ef8e15b966ab55215b5d95e2d6/upload` resulted in a `415 Unsupported Media Type` response:
{"errors":[{"code":"0","status":"415","title":"Unsupported Media Type","detail":"All provided media types are unsupporte (truncated...)
, code: 415 -
[2024-06-18 11:00:08] error: Image upload failed, message: Client error: `POST https://dev.nobisdesign.de/api/_action/media/e9723d577aee60872a936eaf2c8f558f/upload` resulted in a `415 Unsupported Media Type` response:
{"errors":[{"code":"0","status":"415","title":"Unsupported Media Type","detail":"All provided media types are unsupporte (truncated...)
, code: 415 -
[2024-06-18 11:00:08] error: Image upload failed, message: Client error: `POST https://dev.nobisdesign.de/api/_action/media/d2c8b793ba3521755999ebcf1880e387/upload` resulted in a `415 Unsupported Media Type` response:
{"errors":[{"code":"0","status":"415","title":"Unsupported Media Type","detail":"All provided media types are unsupporte (truncated...)
, code: 415 -
[2024-06-18 11:00:08] error: Image upload failed, message: Client error: `POST https://dev.nobisdesign.de/api/_action/media/6d9df118b96d6f8c22c8fa6a12d06046/upload` resulted in a `415 Unsupported Media Type` response:
{"errors":[{"code":"0","status":"415","title":"Unsupported Media Type","detail":"All provided media types are unsupporte (truncated...)
, code: 415 -
[2024-06-18 11:00:08] error: Image upload failed, message: Client error: `POST https://dev.nobisdesign.de/api/_action/media/2d071eef324a676f0dcfeee28adb91fe/upload` resulted in a `415 Unsupported Media Type` response:
{"errors":[{"code":"0","status":"415","title":"Unsupported Media Type","detail":"All provided media types are unsupporte (truncated...)
, code: 415 -
[2024-06-18 11:00:09] error: Image upload failed, message: Client error: `POST https://dev.nobisdesign.de/api/_action/media/903b0c712ca5612433fc80c39e7b6bfe/upload` resulted in a `415 Unsupported Media Type` response:
{"errors":[{"code":"0","status":"415","title":"Unsupported Media Type","detail":"All provided media types are unsupporte (truncated...)
, code: 415 -
[2024-06-18 11:00:09] error: Image upload failed, message: Client error: `POST https://dev.nobisdesign.de/api/_action/media/c4c964f35f54ab50b24906500687b810/upload` resulted in a `415 Unsupported Media Type` response:
{"errors":[{"code":"0","status":"415","title":"Unsupported Media Type","detail":"All provided media types are unsupporte (truncated...)
, code: 415 -
[2024-06-18 11:00:09] error: Image upload failed, message: Client error: `POST https://dev.nobisdesign.de/api/_action/media/12a62434808fe647f719a604817e29a9/upload` resulted in a `415 Unsupported Media Type` response:
{"errors":[{"code":"0","status":"415","title":"Unsupported Media Type","detail":"All provided media types are unsupporte (truncated...)
, code: 415 -
[2024-06-18 11:00:09] error: Image upload failed, message: Client error: `POST https://dev.nobisdesign.de/api/_action/media/d6a3629530b08c624d84a8633adea7d0/upload` resulted in a `415 Unsupported Media Type` response:
{"errors":[{"code":"0","status":"415","title":"Unsupported Media Type","detail":"All provided media types are unsupporte (truncated...)
, code: 415 -
[2024-06-18 11:00:10] error: Image upload failed, message: Client error: `POST https://dev.nobisdesign.de/api/_action/media/b0f69b53cb7bba999e18c154c69d9c86/upload` resulted in a `415 Unsupported Media Type` response:
{"errors":[{"code":"0","status":"415","title":"Unsupported Media Type","detail":"All provided media types are unsupporte (truncated...)
, code: 415 -
[2024-06-18 11:00:10] error: Image upload failed, message: Client error: `POST https://dev.nobisdesign.de/api/_action/media/089511c958b26881b789ef88645665e7/upload` resulted in a `415 Unsupported Media Type` response:
{"errors":[{"code":"0","status":"415","title":"Unsupported Media Type","detail":"All provided media types are unsupporte (truncated...)
, code: 415 -
[2024-06-18 11:00:10] error: Image upload failed, message: Client error: `POST https://dev.nobisdesign.de/api/_action/media/79a9caf7bb2a600ca76e9296bd5775af/upload` resulted in a `415 Unsupported Media Type` response:
{"errors":[{"code":"0","status":"415","title":"Unsupported Media Type","detail":"All provided media types are unsupporte (truncated...)
, code: 415 -
[2024-06-18 11:00:10] error: Image upload failed, message: Client error: `POST https://dev.nobisdesign.de/api/_action/media/268927a45c8003149ec31c891ff63718/upload` resulted in a `415 Unsupported Media Type` response:
{"errors":[{"code":"0","status":"415","title":"Unsupported Media Type","detail":"All provided media types are unsupporte (truncated...)
, code: 415 -
[2024-06-18 11:00:10] error: Image upload failed, message: Client error: `POST https://dev.nobisdesign.de/api/_action/media/e1866994624d6a9bfa46e03f65085093/upload` resulted in a `415 Unsupported Media Type` response:
{"errors":[{"code":"0","status":"415","title":"Unsupported Media Type","detail":"All provided media types are unsupporte (truncated...)
, code: 415 -
[2024-06-18 11:00:11] error: Image upload failed, message: Client error: `POST https://dev.nobisdesign.de/api/_action/media/824a01d1e77ca231411daadb3b95e3dd/upload` resulted in a `415 Unsupported Media Type` response:
{"errors":[{"code":"0","status":"415","title":"Unsupported Media Type","detail":"All provided media types are unsupporte (truncated...)
, code: 415 -
[2024-06-18 11:00:11] error: Image upload failed, message: Client error: `POST https://dev.nobisdesign.de/api/_action/media/024c3a4f67335b71a8af86f31dfe3398/upload` resulted in a `415 Unsupported Media Type` response:
{"errors":[{"code":"0","status":"415","title":"Unsupported Media Type","detail":"All provided media types are unsupporte (truncated...)
, code: 415 -
[2024-06-18 11:00:11] error: Image upload failed, message: Client error: `POST https://dev.nobisdesign.de/api/_action/media/f793f16c930c8acadfdf586ba70a13da/upload` resulted in a `415 Unsupported Media Type` response:
{"errors":[{"code":"0","status":"415","title":"Unsupported Media Type","detail":"All provided media types are unsupporte (truncated...)
, code: 415 -
[2024-06-18 11:00:11] error: Image upload failed, message: Client error: `POST https://dev.nobisdesign.de/api/_action/media/da538102bdc71363b5b9dc989f34d92b/upload` resulted in a `415 Unsupported Media Type` response:
{"errors":[{"code":"0","status":"415","title":"Unsupported Media Type","detail":"All provided media types are unsupporte (truncated...)
, code: 415 -
[2024-06-18 11:00:12] error: Image upload failed, message: Client error: `POST https://dev.nobisdesign.de/api/_action/media/449bbada2b7bb0d62d802d20661699ee/upload` resulted in a `415 Unsupported Media Type` response:
{"errors":[{"code":"0","status":"415","title":"Unsupported Media Type","detail":"All provided media types are unsupporte (truncated...)
, code: 415 -
[2024-06-18 11:00:12] error: Image upload failed, message: Client error: `POST https://dev.nobisdesign.de/api/_action/media/add77b7f534a02e41d5bf6a7e0e1bee4/upload` resulted in a `415 Unsupported Media Type` response:
{"errors":[{"code":"0","status":"415","title":"Unsupported Media Type","detail":"All provided media types are unsupporte (truncated...)
, code: 415 -
[2024-06-18 11:00:12] error: Image upload failed, message: Client error: `POST https://dev.nobisdesign.de/api/_action/media/2f1722540996bb9ffed138895608fe2d/upload` resulted in a `415 Unsupported Media Type` response:
{"errors":[{"code":"0","status":"415","title":"Unsupported Media Type","detail":"All provided media types are unsupporte (truncated...)
, code: 415 -
[2024-06-18 11:00:12] error: Image upload failed, message: Client error: `POST https://dev.nobisdesign.de/api/_action/media/9e832f8ce4f5889d63a268c370c03eec/upload` resulted in a `415 Unsupported Media Type` response:
{"errors":[{"code":"0","status":"415","title":"Unsupported Media Type","detail":"All provided media types are unsupporte (truncated...)
, code: 415 -
[2024-06-18 11:00:12] error: Image upload failed, message: Client error: `POST https://dev.nobisdesign.de/api/_action/media/95caf0080d674a597af089bfd728f0b2/upload` resulted in a `415 Unsupported Media Type` response:
{"errors":[{"code":"0","status":"415","title":"Unsupported Media Type","detail":"All provided media types are unsupporte (truncated...)
, code: 415 -
[2024-06-18 11:00:13] error: Image upload failed, message: Client error: `POST https://dev.nobisdesign.de/api/_action/media/da1e02a23d4246e363724f1c7bc11e9f/upload` resulted in a `415 Unsupported Media Type` response:
{"errors":[{"code":"0","status":"415","title":"Unsupported Media Type","detail":"All provided media types are unsupporte (truncated...)
, code: 415 -
[2024-06-18 11:00:13] error: Image upload failed, message: Client error: `POST https://dev.nobisdesign.de/api/_action/media/95695a707c20bc717c4ec660cd4e55db/upload` resulted in a `415 Unsupported Media Type` response:
{"errors":[{"code":"0","status":"415","title":"Unsupported Media Type","detail":"All provided media types are unsupporte (truncated...)
, code: 415 -
[2024-06-18 11:00:13] error: Image upload failed, message: Client error: `POST https://dev.nobisdesign.de/api/_action/media/c1ec1b1390b6ffc93757020d672e3683/upload` resulted in a `415 Unsupported Media Type` response:
{"errors":[{"code":"0","status":"415","title":"Unsupported Media Type","detail":"All provided media types are unsupporte (truncated...)
, code: 415 -
[2024-06-18 11:00:13] error: Image upload failed, message: Client error: `POST https://dev.nobisdesign.de/api/_action/media/1b139c1d4feb4f7b753ba1951e250b3a/upload` resulted in a `415 Unsupported Media Type` response:
{"errors":[{"code":"0","status":"415","title":"Unsupported Media Type","detail":"All provided media types are unsupporte (truncated...)
, code: 415 -
[2024-06-18 11:00:13] error: Image upload failed, message: Client error: `POST https://dev.nobisdesign.de/api/_action/media/8eac557001ec09b98a020ae0aeb5977d/upload` resulted in a `415 Unsupported Media Type` response:
{"errors":[{"code":"0","status":"415","title":"Unsupported Media Type","detail":"All provided media types are unsupporte (truncated...)
, code: 415 -
[2024-06-18 11:00:14] error: Image upload failed, message: Client error: `POST https://dev.nobisdesign.de/api/_action/media/399f37ccdd19815f7752eed19338ebe1/upload` resulted in a `415 Unsupported Media Type` response:
{"errors":[{"code":"0","status":"415","title":"Unsupported Media Type","detail":"All provided media types are unsupporte (truncated...)
, code: 415 -
[2024-06-18 11:00:14] error: Image upload failed, message: Client error: `POST https://dev.nobisdesign.de/api/_action/media/8dc822486eeeba7dd351fcab8da2510f/upload` resulted in a `415 Unsupported Media Type` response:
{"errors":[{"code":"0","status":"415","title":"Unsupported Media Type","detail":"All provided media types are unsupporte (truncated...)
, code: 415 -
[2024-06-18 11:00:14] error: Image upload failed, message: Client error: `POST https://dev.nobisdesign.de/api/_action/media/82bfae9ec9c44d16c4c8f89b21abfc51/upload` resulted in a `415 Unsupported Media Type` response:
{"errors":[{"code":"0","status":"415","title":"Unsupported Media Type","detail":"All provided media types are unsupporte (truncated...)
, code: 415 -
[2024-06-18 11:00:14] error: Image upload failed, message: Client error: `POST https://dev.nobisdesign.de/api/_action/media/e04e456ad2fcc5eb4e3853c4471c5c67/upload` resulted in a `415 Unsupported Media Type` response:
{"errors":[{"code":"0","status":"415","title":"Unsupported Media Type","detail":"All provided media types are unsupporte (truncated...)
, code: 415 -
